2026-02-02 16:30:02.781 | INFO     | database.pg_manager:__init__:55 - PostgreSQL 数据库已连接
2026-02-02 16:30:02.781 | INFO     | __main__:unified_data_update:223 - 
2026-02-02 16:30:02.781 | INFO     | __main__:unified_data_update:224 - ************************************************************
2026-02-02 16:30:02.782 | INFO     | __main__:unified_data_update:225 - 统一数据更新流程启动 - 2026-02-02 16:30:02
2026-02-02 16:30:02.782 | INFO     | __main__:unified_data_update:226 - ************************************************************
2026-02-02 16:30:02.782 | INFO     | __main__:unified_data_update:227 - 
2026-02-02 16:30:02.782 | INFO     | __main__:check_and_init_codes:55 - [阶段0] 检查代码表状态...
2026-02-02 16:30:02.816 | INFO     | __main__:check_and_init_codes:61 -   etf_codes:   1357 条
2026-02-02 16:30:02.816 | INFO     | __main__:check_and_init_codes:62 -   stock_codes: 5446 条
2026-02-02 16:30:02.816 | INFO     | __main__:check_and_init_codes:83 - ✓ 代码表状态正常
2026-02-02 16:30:02.816 | INFO     | __main__:check_and_init_codes:84 - 
2026-02-02 16:30:04.816 | INFO     | __main__:update_fundamental_stage:136 - ============================================================
2026-02-02 16:30:04.817 | INFO     | __main__:update_fundamental_stage:137 - [阶段2] 更新基本面数据
2026-02-02 16:30:04.817 | INFO     | __main__:update_fundamental_stage:138 - ============================================================
2026-02-02 16:30:04.817 | INFO     | __main__:update_fundamental_stage:139 - 
2026-02-02 16:30:04.826 | INFO     | __main__:update_fundamental_stage:150 - 待更新: 5446 只股票
2026-02-02 16:30:04.826 | INFO     | __main__:update_fundamental_stage:151 - 
2026-02-02 16:30:04.826 | INFO     | datafeed.downloaders.fundamental_downloader:get_all_a_stocks_with_fundamentals:96 - 正在从 AkShare 获取全市场A股实时行情(含基本面数据)...
2026-02-02 16:30:09.727 | ERROR    | datafeed.downloaders.fundamental_downloader:get_all_a_stocks_with_fundamentals:113 - 获取A股列表失败: ('Connection aborted.', RemoteDisconnected('Remote end closed connection without response'))
2026-02-02 16:30:09.729 | ERROR    | datafeed.downloaders.fundamental_downloader:update_fundamental_data:296 - 获取股票列表失败
2026-02-02 16:30:09.729 | INFO     | __main__:update_fundamental_stage:161 - 
2026-02-02 16:30:09.729 | INFO     | __main__:update_fundamental_stage:162 - ✓ 基本面更新完成!
2026-02-02 16:30:09.729 | INFO     | __main__:update_fundamental_stage:163 -   成功: 0
2026-02-02 16:30:09.729 | INFO     | __main__:update_fundamental_stage:164 -   失败: 0
2026-02-02 16:30:09.729 | INFO     | __main__:update_fundamental_stage:165 -   耗时: 4.91 秒 (0.1 分钟)
2026-02-02 16:30:09.730 | INFO     | __main__:update_fundamental_stage:166 - 
2026-02-02 16:30:09.730 | INFO     | __main__:_print_summary:262 - 
2026-02-02 16:30:09.730 | INFO     | __main__:_print_summary:263 - ************************************************************
2026-02-02 16:30:09.730 | INFO     | __main__:_print_summary:264 - 更新完成统计
2026-02-02 16:30:09.730 | INFO     | __main__:_print_summary:265 - ************************************************************
2026-02-02 16:30:09.730 | INFO     | __main__:_print_summary:281 - 总耗时: 6.95 秒 (0.1 分钟)
2026-02-02 16:30:09.730 | INFO     | __main__:_print_summary:282 - ************************************************************
2026-02-02 16:30:09.730 | INFO     | __main__:_print_summary:283 - 
